0 info it worked if it ends with ok
1 verbose cli [ 'C:\\Program Files\\nodejs\\node.exe',
1 verbose cli   'C:\\Program Files\\nodejs\\node_modules\\npm\\bin\\npm-cli.js',
1 verbose cli   'start' ]
2 info using npm@3.10.10
3 info using node@v6.9.4
4 verbose run-script [ 'prestart', 'start', 'poststart' ]
5 info lifecycle hello@~prestart: hello@
6 silly lifecycle hello@~prestart: no script for prestart, continuing
7 info lifecycle hello@~start: hello@
8 verbose lifecycle hello@~start: unsafe-perm in lifecycle true
9 verbose lifecycle hello@~start: PATH: C:\Users\Owner\AppData\Roaming\nvm\v6.9.4\node_modules\npm\bin\node-gyp-bin;C:\Users\Owner\Documents\Northeastern_University\ACADEMICS\CS5610_files\PersonalPage\node_modules\.bin;C:\Users\Owner\bin;C:\Program Files\Git\mingw64\bin;C:\Program Files\Git\usr\local\bin;C:\Program Files\Git\usr\bin;C:\Program Files\Git\usr\bin;C:\Program Files\Git\mingw64\bin;C:\Program Files\Git\usr\bin;C:\Users\Owner\bin;C:\ProgramData\Oracle\Java\javapath;C:\mingw\bin;C:\mingw\libexec\gcc\x86_64-w64-mingw32\7.2.0;C:\Python3;C:\Python3\Scripts;C:\Windows;C:\MinGW\libexec\gcc\x86_64-pc-mingw32\6.1.0;C:\Program Files (x86)\Intel\iCLS Client;C:\Program Files\Intel\iCLS Client;C:\WINDOWS\system32;C:\WINDOWS;C:\WINDOWS\System32\Wbem;C:\WINDOWS\System32\WindowsPowerShell\v1.0;C:\Program Files\Intel\Intel(R) Management Engine Components\DAL;C:\Program Files (x86)\Intel\Intel(R) Management Engine Components\DAL;C:\Program Files\Intel\Intel(R) Management Engine Components\IPT;C:\Program Files (x86)\Intel\Intel(R) Management Engine Components\IPT;C:\Program Files\Microsoft SQL Server\130\Tools\Binn;C:\Program Files (x86)\Windows Kits\8.1\Windows Performance Toolkit;C:\Program Files\LLVM\bin;C:\Program Files\Microsoft SQL Server\Client SDK\ODBC\110\Tools\Binn;C:\Program Files (x86)\Microsoft SQL Server\120\Tools\Binn;C:\Program Files\Microsoft SQL Server\120\Tools\Binn;C:\Program Files\Microsoft SQL Server\120\DTS\Binn;C:\opencv\build\x64\vc14\bin;C:\Program Files (x86)\Skype\Phone;C:\Program Files\PuTTY;C:\Program Files\doxygen\bin;C:\Program Files\Java\jdk-9.0.1\bin;C:\Program Files\MATLAB\R2017b\runtime\win64;C:\Program Files\MATLAB\R2017b\bin;C:\Program Files\Java\jdk1.8.0_151\bin;C:\Users\Owner\AppData\Roaming\nvm;C:\Program Files\nodejs;C:\WINDOWS\System32\OpenSSH;C:\Program Files (x86)\Brackets\command;C:\Python3\Scripts;C:\Python3;C:\Users\Owner\AppData\Local\Microsoft\WindowsApps;C:\Users\Owner\AppData\Roaming\nvm;C:\Program Files\nodejs;C:\Users\Owner\AppData\Local\atom\bin;C:\Program Files\heroku\bin;C:\Users\Owner\AppData\Local\Microsoft\WindowsApps;C:\Program Files\Git\usr\bin\vendor_perl;C:\Program Files\Git\usr\bin\core_perl
10 verbose lifecycle hello@~start: CWD: C:\Users\Owner\Documents\Northeastern_University\ACADEMICS\CS5610_files\PersonalPage
11 silly lifecycle hello@~start: Args: [ '/d /s /c', 'http-server' ]
12 silly lifecycle hello@~start: Returned: code: 1  signal: null
13 info lifecycle hello@~start: Failed to exec start script
14 verbose stack Error: hello@ start: `http-server`
14 verbose stack Exit status 1
14 verbose stack     at EventEmitter.<anonymous> (C:\Users\Owner\AppData\Roaming\nvm\v6.9.4\node_modules\npm\lib\utils\lifecycle.js:255:16)
14 verbose stack     at emitTwo (events.js:106:13)
14 verbose stack     at EventEmitter.emit (events.js:191:7)
14 verbose stack     at ChildProcess.<anonymous> (C:\Users\Owner\AppData\Roaming\nvm\v6.9.4\node_modules\npm\lib\utils\spawn.js:40:14)
14 verbose stack     at emitTwo (events.js:106:13)
14 verbose stack     at ChildProcess.emit (events.js:191:7)
14 verbose stack     at maybeClose (internal/child_process.js:877:16)
14 verbose stack     at Process.ChildProcess._handle.onexit (internal/child_process.js:226:5)
15 verbose pkgid hello@
16 verbose cwd C:\Users\Owner\Documents\Northeastern_University\ACADEMICS\CS5610_files\PersonalPage
17 error Windows_NT 10.0.17134
18 error argv "C:\\Program Files\\nodejs\\node.exe" "C:\\Program Files\\nodejs\\node_modules\\npm\\bin\\npm-cli.js" "start"
19 error node v6.9.4
20 error npm  v3.10.10
21 error code ELIFECYCLE
22 error hello@ start: `http-server`
22 error Exit status 1
23 error Failed at the hello@ start script 'http-server'.
23 error Make sure you have the latest version of node.js and npm installed.
23 error If you do, this is most likely a problem with the hello package,
23 error not with npm itself.
23 error Tell the author that this fails on your system:
23 error     http-server
23 error You can get information on how to open an issue for this project with:
23 error     npm bugs hello
23 error Or if that isn't available, you can get their info via:
23 error     npm owner ls hello
23 error There is likely additional logging output above.
24 verbose exit [ 1, true ]
